<?xml version="1.0" encoding="UTF-8"?>
<!-- Generated by org.testng.reporters.JUnitReportReporter -->
<testsuite hostname="Saurabh-PC" failures="0" tests="2" name="com.crm.qa.testcases.LoginPageTest" time="33.372" errors="0" timestamp="19 Aug 2018 15:27:41 GMT" skipped="0">
  <testcase classname="com.crm.qa.testcases.LoginPageTest" name="loginTest" time="14.049"/>
  <testcase classname="com.crm.qa.testcases.LoginPageTest" name="loginTest" time="19.323"/>
</testsuite> <!-- com.crm.qa.testcases.LoginPageTest -->
