<?xml version="1.0" encoding="UTF-8"?>
<!-- Generated by org.testng.reporters.JUnitReportReporter -->
<testsuite hostname="Saurabh-PC" failures="0" tests="4" name="com.crm.qa.testcases.LoginPageTest" time="117.422" errors="0" timestamp="17 Aug 2018 13:11:33 GMT" skipped="0">
  <testcase classname="com.crm.qa.testcases.LoginPageTest" name="wrongcredTest" time="25.979"/>
  <testcase classname="com.crm.qa.testcases.LoginPageTest" name="loginTest" time="39.530"/>
  <testcase classname="com.crm.qa.testcases.LoginPageTest" name="verifyLogo" time="29.764"/>
  <testcase classname="com.crm.qa.testcases.LoginPageTest" name="verifyTitle" time="22.149"/>
</testsuite> <!-- com.crm.qa.testcases.LoginPageTest -->
