<?xml version="1.0" encoding="UTF-8"?>
<!-- Generated by org.testng.reporters.JUnitReportReporter -->
<testsuite hostname="Saurabh-PC" failures="0" tests="1" name="com.crm.qa.base.filetest" time="0.014" errors="0" timestamp="03 Aug 2018 08:58:10 GMT" skipped="0">
  <testcase classname="com.crm.qa.base.filetest" name="printFile" time="0.014"/>
</testsuite> <!-- com.crm.qa.base.filetest -->
