<?xml version="1.0" encoding="UTF-8"?>
<!-- Generated by org.testng.reporters.JUnitReportReporter -->
<testsuite hostname="Saurabh-PC" failures="0" tests="1" name="com.crm.qa.testcases.Testanish" time="14.382" errors="0" timestamp="16 Aug 2018 07:38:15 GMT" skipped="0">
  <testcase classname="com.crm.qa.testcases.Testanish" name="screen" time="14.382"/>
</testsuite> <!-- com.crm.qa.testcases.Testanish -->
